c:\users\oleg\documents\visual studio 2015\projects\integration\integration\x64\debug\vc140.pdb
c:\users\oleg\documents\visual studio 2015\projects\integration\integration\x64\debug\main.obj
c:\users\oleg\documents\visual studio 2015\projects\integration\integration\x64\debug\userfunction.obj
c:\users\oleg\documents\visual studio 2015\projects\integration\integration\x64\debug\moc_form1.obj
c:\users\oleg\documents\visual studio 2015\projects\integration\integration\x64\debug\qrc_integration.obj
c:\users\oleg\documents\visual studio 2015\projects\integration\integration\generatedfiles\debug\moc_form1.cpp
c:\users\oleg\documents\visual studio 2015\projects\integration\integration\generatedfiles\ui_form1.h
c:\users\oleg\documents\visual studio 2015\projects\integration\integration\generatedfiles\qrc_integration.cpp
c:\users\oleg\documents\visual studio 2015\projects\integration\x64\debug\integration.ilk
c:\users\oleg\documents\visual studio 2015\projects\integration\x64\debug\integration.exe
c:\users\oleg\documents\visual studio 2015\projects\integration\x64\debug\integration.pdb
c:\users\oleg\documents\visual studio 2015\projects\integration\integration\x64\debug\integration.tlog\cl.command.1.tlog
c:\users\oleg\documents\visual studio 2015\projects\integration\integration\x64\debug\integration.tlog\cl.read.1.tlog
c:\users\oleg\documents\visual studio 2015\projects\integration\integration\x64\debug\integration.tlog\cl.write.1.tlog
c:\users\oleg\documents\visual studio 2015\projects\integration\integration\x64\debug\integration.tlog\custombuild.command.1.tlog
c:\users\oleg\documents\visual studio 2015\projects\integration\integration\x64\debug\integration.tlog\custombuild.read.1.tlog
c:\users\oleg\documents\visual studio 2015\projects\integration\integration\x64\debug\integration.tlog\custombuild.write.1.tlog
c:\users\oleg\documents\visual studio 2015\projects\integration\integration\x64\debug\integration.tlog\link.command.1.tlog
c:\users\oleg\documents\visual studio 2015\projects\integration\integration\x64\debug\integration.tlog\link.read.1.tlog
c:\users\oleg\documents\visual studio 2015\projects\integration\integration\x64\debug\integration.tlog\link.write.1.tlog
